<?xml version="1.0" encoding="UTF-8"?>
<coverage generated="1618923277">
  <project timestamp="1618923277">
    <package name="PinkCrab\DB_Migration">
      <file name="/shared/httpd/php/htdocs/pc_modules/WP_DB_Migration/src/Database_Migration.php">
        <class name="PinkCrab\DB_Migration\Database_Migration" namespace="PinkCrab\DB_Migration" fullPackage="Database">
          <metrics complexity="6" methods="5" coveredmethods="5" conditionals="0" coveredconditionals="0" statements="7" coveredstatements="7" elements="12" coveredelements="12"/>
        </class>
        <line num="59" type="method" name="__construct" visibility="public" complexity="1" crap="1" count="4"/>
        <line num="60" type="stmt" count="4"/>
        <line num="61" type="stmt" count="4"/>
        <line num="62" type="stmt" count="4"/>
        <line num="78" type="method" name="seed" visibility="public" complexity="1" crap="1" count="1"/>
        <line num="79" type="stmt" count="1"/>
        <line num="87" type="method" name="get_schema" visibility="public" complexity="1" crap="1" count="4"/>
        <line num="88" type="stmt" count="4"/>
        <line num="96" type="method" name="get_seeds" visibility="public" complexity="1" crap="1" count="2"/>
        <line num="97" type="stmt" count="2"/>
        <line num="100" type="method" name="get_table_name" visibility="public" complexity="1" crap="1" count="2"/>
        <line num="101" type="stmt" count="2"/>
        <metrics loc="104" ncloc="45" classes="1" methods="5" coveredmethods="5" conditionals="0" coveredconditionals="0" statements="7" coveredstatements="7" elements="12" coveredelements="12"/>
      </file>
      <file name="/shared/httpd/php/htdocs/pc_modules/WP_DB_Migration/src/Log/Migration_Log_Manager.php">
        <class name="PinkCrab\DB_Migration\Migration_Log_Manager" namespace="PinkCrab\DB_Migration" fullPackage="Migration.Log">
          <metrics complexity="19" methods="10" coveredmethods="10" conditionals="0" coveredconditionals="0" statements="42" coveredstatements="42" elements="52" coveredelements="52"/>
        </class>
        <line num="50" type="method" name="__construct" visibility="public" complexity="1" crap="1" count="15"/>
        <line num="51" type="stmt" count="15"/>
        <line num="52" type="stmt" count="15"/>
        <line num="53" type="stmt" count="14"/>
        <line num="61" type="method" name="set_migration_details" visibility="protected" complexity="2" crap="2" count="15"/>
        <line num="62" type="stmt" count="15"/>
        <line num="64" type="stmt" count="15"/>
        <line num="65" type="stmt" count="8"/>
        <line num="69" type="stmt" count="7"/>
        <line num="71" type="stmt" count="1"/>
        <line num="72" type="stmt" count="7"/>
        <line num="74" type="stmt" count="7"/>
        <line num="75" type="stmt" count="6"/>
        <line num="77" type="stmt" count="6"/>
        <line num="78" type="stmt" count="6"/>
        <line num="86" type="method" name="has_migration" visibility="public" complexity="1" crap="1" count="9"/>
        <line num="87" type="stmt" count="9"/>
        <line num="95" type="method" name="get_migration" visibility="public" complexity="3" crap="3" count="2"/>
        <line num="96" type="stmt" count="2"/>
        <line num="97" type="stmt" count="2"/>
        <line num="98" type="stmt" count="2"/>
        <line num="107" type="method" name="can_migrate" visibility="public" complexity="1" crap="1" count="2"/>
        <line num="108" type="stmt" count="2"/>
        <line num="117" type="method" name="is_seeded" visibility="public" complexity="2" crap="2" count="3"/>
        <line num="118" type="stmt" count="3"/>
        <line num="119" type="stmt" count="3"/>
        <line num="128" type="method" name="check_hash" visibility="public" complexity="2" crap="2" count="5"/>
        <line num="130" type="stmt" count="5"/>
        <line num="131" type="stmt" count="3"/>
        <line num="134" type="stmt" count="2"/>
        <line num="135" type="stmt" count="2"/>
        <line num="136" type="stmt" count="2"/>
        <line num="150" type="method" name="upsert_migration" visibility="public" complexity="4" crap="4" count="5"/>
        <line num="152" type="stmt" count="5"/>
        <line num="153" type="stmt" count="5"/>
        <line num="154" type="stmt" count="1"/>
        <line num="155" type="stmt" count="1"/>
        <line num="157" type="stmt" count="1"/>
        <line num="161" type="stmt" count="5"/>
        <line num="162" type="stmt" count="4"/>
        <line num="163" type="stmt" count="4"/>
        <line num="165" type="stmt" count="4"/>
        <line num="168" type="stmt" count="5"/>
        <line num="177" type="method" name="mark_table_seeded" visibility="public" complexity="2" crap="2" count="2"/>
        <line num="178" type="stmt" count="2"/>
        <line num="179" type="stmt" count="2"/>
        <line num="180" type="stmt" count="2"/>
        <line num="182" type="stmt" count="2"/>
        <line num="185" type="stmt" count="2"/>
        <line num="193" type="method" name="save" visibility="protected" complexity="1" crap="1" count="5"/>
        <line num="194" type="stmt" count="5"/>
        <line num="195" type="stmt" count="5"/>
        <metrics loc="199" ncloc="96" classes="1" methods="10" coveredmethods="10" conditionals="0" coveredconditionals="0" statements="42" coveredstatements="42" elements="52" coveredelements="52"/>
      </file>
      <file name="/shared/httpd/php/htdocs/pc_modules/WP_DB_Migration/src/Migration_Exception.php">
        <class name="PinkCrab\DB_Migration\Migration_Exception" namespace="PinkCrab\DB_Migration" fullPackage="Migration">
          <metrics complexity="2" methods="2" coveredmethods="2" conditionals="0" coveredconditionals="0" statements="6" coveredstatements="6" elements="8" coveredelements="8"/>
        </class>
        <line num="39" type="method" name="seed_column_doesnt_exist" visibility="public" complexity="1" crap="1" count="1"/>
        <line num="40" type="stmt" count="1"/>
        <line num="41" type="stmt" count="1"/>
        <line num="42" type="stmt" count="1"/>
        <line num="54" type="method" name="failed_to_insert_seed" visibility="public" complexity="1" crap="1" count="1"/>
        <line num="55" type="stmt" count="1"/>
        <line num="56" type="stmt" count="1"/>
        <line num="57" type="stmt" count="1"/>
        <metrics loc="60" ncloc="25" classes="1" methods="2" coveredmethods="2" conditionals="0" coveredconditionals="0" statements="6" coveredstatements="6" elements="8" coveredelements="8"/>
      </file>
      <file name="/shared/httpd/php/htdocs/pc_modules/WP_DB_Migration/src/Migration_Manager.php">
        <class name="PinkCrab\DB_Migration\Migration_Manager" namespace="PinkCrab\DB_Migration" fullPackage="Migration">
          <metrics complexity="13" methods="6" coveredmethods="5" conditionals="0" coveredconditionals="0" statements="29" coveredstatements="28" elements="35" coveredelements="33"/>
        </class>
        <line num="63" type="method" name="__construct" visibility="public" complexity="2" crap="2" count="4"/>
        <line num="64" type="stmt" count="4"/>
        <line num="65" type="stmt" count="4"/>
        <line num="66" type="stmt" count="4"/>
        <line num="68" type="stmt" count="4"/>
        <line num="76" type="method" name="add_migration" visibility="public" complexity="1" crap="1" count="3"/>
        <line num="77" type="stmt" count="3"/>
        <line num="78" type="stmt" count="3"/>
        <line num="86" type="method" name="get_migrations" visibility="public" complexity="1" crap="1" count="1"/>
        <line num="87" type="stmt" count="1"/>
        <line num="96" type="method" name="create_tables" visibility="public" complexity="4" crap="4" count="2"/>
        <line num="99" type="stmt" count="2"/>
        <line num="100" type="stmt" count="2"/>
        <line num="102" type="stmt" count="2"/>
        <line num="103" type="stmt" count="2"/>
        <line num="104" type="stmt" count="2"/>
        <line num="108" type="stmt" count="2"/>
        <line num="109" type="stmt" count="2"/>
        <line num="110" type="stmt" count="2"/>
        <line num="111" type="stmt" count="2"/>
        <line num="115" type="stmt" count="2"/>
        <line num="125" type="method" name="seed_tables" visibility="public" complexity="4" crap="4" count="1"/>
        <line num="128" type="stmt" count="1"/>
        <line num="129" type="stmt" count="1"/>
        <line num="131" type="stmt" count="1"/>
        <line num="132" type="stmt" count="1"/>
        <line num="133" type="stmt" count="1"/>
        <line num="136" type="stmt" count="1"/>
        <line num="138" type="stmt" count="1"/>
        <line num="139" type="stmt" count="1"/>
        <line num="140" type="stmt" count="1"/>
        <line num="141" type="stmt" count="1"/>
        <line num="145" type="stmt" count="1"/>
        <line num="154" type="method" name="remove_tables" visibility="public" complexity="1" crap="2.00" count="0"/>
        <line num="156" type="stmt" count="0"/>
        <metrics loc="158" ncloc="84" classes="1" methods="6" coveredmethods="5" conditionals="0" coveredconditionals="0" statements="29" coveredstatements="28" elements="35" coveredelements="33"/>
      </file>
      <file name="/shared/httpd/php/htdocs/pc_modules/WP_DB_Migration/src/Migration_Seeder.php">
        <class name="PinkCrab\DB_Migration\Migration_Seeder" namespace="PinkCrab\DB_Migration" fullPackage="Migration">
          <metrics complexity="39" methods="5" coveredmethods="5" conditionals="0" coveredconditionals="0" statements="55" coveredstatements="55" elements="60" coveredelements="60"/>
        </class>
        <line num="34" type="method" name="__construct" visibility="public" complexity="1" crap="1" count="7"/>
        <line num="35" type="stmt" count="7"/>
        <line num="36" type="stmt" count="7"/>
        <line num="45" type="method" name="seed" visibility="public" complexity="2" crap="2" count="2"/>
        <line num="46" type="stmt" count="2"/>
        <line num="48" type="stmt" count="2"/>
        <line num="49" type="stmt" count="2"/>
        <line num="52" type="stmt" count="1"/>
        <line num="63" type="method" name="insert_seed" visibility="protected" complexity="2" crap="2" count="2"/>
        <line num="65" type="stmt" count="2"/>
        <line num="67" type="stmt" count="2"/>
        <line num="68" type="stmt" count="2"/>
        <line num="69" type="stmt" count="2"/>
        <line num="72" type="stmt" count="2"/>
        <line num="73" type="stmt" count="2"/>
        <line num="79" type="stmt" count="2"/>
        <line num="80" type="stmt" count="1"/>
        <line num="83" type="stmt" count="1"/>
        <line num="94" type="method" name="column_type" visibility="protected" complexity="2" crap="2" count="3"/>
        <line num="95" type="stmt" count="3"/>
        <line num="98" type="stmt" count="3"/>
        <line num="99" type="stmt" count="1"/>
        <line num="102" type="stmt" count="2"/>
        <line num="111" type="method" name="column_type_format" visibility="protected" complexity="32" crap="32" count="6"/>
        <line num="112" type="stmt" count="6"/>
        <line num="113" type="stmt" count="6"/>
        <line num="114" type="stmt" count="6"/>
        <line num="115" type="stmt" count="6"/>
        <line num="116" type="stmt" count="6"/>
        <line num="117" type="stmt" count="6"/>
        <line num="118" type="stmt" count="6"/>
        <line num="119" type="stmt" count="6"/>
        <line num="120" type="stmt" count="6"/>
        <line num="121" type="stmt" count="6"/>
        <line num="122" type="stmt" count="6"/>
        <line num="123" type="stmt" count="6"/>
        <line num="124" type="stmt" count="6"/>
        <line num="125" type="stmt" count="6"/>
        <line num="126" type="stmt" count="6"/>
        <line num="127" type="stmt" count="6"/>
        <line num="128" type="stmt" count="6"/>
        <line num="129" type="stmt" count="6"/>
        <line num="130" type="stmt" count="4"/>
        <line num="132" type="stmt" count="5"/>
        <line num="133" type="stmt" count="5"/>
        <line num="134" type="stmt" count="5"/>
        <line num="135" type="stmt" count="5"/>
        <line num="136" type="stmt" count="5"/>
        <line num="137" type="stmt" count="5"/>
        <line num="138" type="stmt" count="5"/>
        <line num="139" type="stmt" count="3"/>
        <line num="140" type="stmt" count="3"/>
        <line num="141" type="stmt" count="3"/>
        <line num="143" type="stmt" count="2"/>
        <line num="144" type="stmt" count="2"/>
        <line num="145" type="stmt" count="2"/>
        <line num="146" type="stmt" count="2"/>
        <line num="147" type="stmt" count="2"/>
        <line num="148" type="stmt" count="1"/>
        <line num="151" type="stmt" count="1"/>
        <metrics loc="154" ncloc="100" classes="1" methods="5" coveredmethods="5" conditionals="0" coveredconditionals="0" statements="55" coveredstatements="55" elements="60" coveredelements="60"/>
      </file>
    </package>
    <package name="PinkCrab\DB_Migration\Log">
      <file name="/shared/httpd/php/htdocs/pc_modules/WP_DB_Migration/src/Log/Migration_Log.php">
        <class name="PinkCrab\DB_Migration\Log\Migration_Log" namespace="PinkCrab\DB_Migration\Log" fullPackage="Migration">
          <metrics complexity="14" methods="10" coveredmethods="10" conditionals="0" coveredconditionals="0" statements="34" coveredstatements="34" elements="44" coveredelements="44"/>
        </class>
        <line num="68" type="method" name="__construct" visibility="public" complexity="2" crap="2" count="11"/>
        <line num="75" type="stmt" count="11"/>
        <line num="76" type="stmt" count="11"/>
        <line num="77" type="stmt" count="11"/>
        <line num="78" type="stmt" count="11"/>
        <line num="79" type="stmt" count="11"/>
        <line num="80" type="stmt" count="11"/>
        <line num="90" type="method" name="new_from_schema" visibility="public" complexity="1" crap="1" count="10"/>
        <line num="91" type="stmt" count="10"/>
        <line num="92" type="stmt" count="10"/>
        <line num="93" type="stmt" count="10"/>
        <line num="94" type="stmt" count="10"/>
        <line num="95" type="stmt" count="10"/>
        <line num="96" type="stmt" count="10"/>
        <line num="106" type="method" name="as_updated" visibility="public" complexity="2" crap="2" count="2"/>
        <line num="107" type="stmt" count="2"/>
        <line num="108" type="stmt" count="2"/>
        <line num="109" type="stmt" count="2"/>
        <line num="110" type="stmt" count="2"/>
        <line num="111" type="stmt" count="2"/>
        <line num="112" type="stmt" count="2"/>
        <line num="122" type="method" name="as_seeded" visibility="public" complexity="2" crap="2" count="3"/>
        <line num="123" type="stmt" count="3"/>
        <line num="124" type="stmt" count="3"/>
        <line num="125" type="stmt" count="3"/>
        <line num="126" type="stmt" count="3"/>
        <line num="127" type="stmt" count="3"/>
        <line num="128" type="stmt" count="3"/>
        <line num="138" type="method" name="compose_column_hash" visibility="public" complexity="2" crap="2" count="10"/>
        <line num="140" type="stmt" count="10"/>
        <line num="141" type="stmt" count="10"/>
        <line num="142" type="stmt" count="10"/>
        <line num="143" type="stmt" count="10"/>
        <line num="146" type="stmt" count="10"/>
        <line num="156" type="method" name="table_name" visibility="public" complexity="1" crap="1" count="7"/>
        <line num="157" type="stmt" count="7"/>
        <line num="165" type="method" name="schema_hash" visibility="public" complexity="1" crap="1" count="7"/>
        <line num="166" type="stmt" count="7"/>
        <line num="174" type="method" name="updated_on" visibility="public" complexity="1" crap="1" count="4"/>
        <line num="175" type="stmt" count="4"/>
        <line num="183" type="method" name="created_on" visibility="public" complexity="1" crap="1" count="6"/>
        <line num="184" type="stmt" count="6"/>
        <line num="192" type="method" name="is_seeded" visibility="public" complexity="1" crap="1" count="7"/>
        <line num="193" type="stmt" count="7"/>
        <metrics loc="195" ncloc="98" classes="1" methods="10" coveredmethods="10" conditionals="0" coveredconditionals="0" statements="34" coveredstatements="34" elements="44" coveredelements="44"/>
      </file>
    </package>
    <metrics files="6" loc="870" ncloc="448" classes="6" methods="38" coveredmethods="37" conditionals="0" coveredconditionals="0" statements="173" coveredstatements="172" elements="211" coveredelements="209"/>
  </project>
</coverage>
